{"uid":"409fa049c8a99bcb","name":"test_nem_szamok","fullName":"teglalap_test.TestTC#test_nem_szamok","historyId":"0d4e82cf81ad06fa2cc970eb8e9257f5","time":{"start":1732538004108,"stop":1732538004108,"duration":0},"status":"broken","statusMessage":"selenium.common.exceptions.SessionNotCreatedException: Message: session not created: Chrome failed to start: exited normally.\n  (session not created: DevToolsActivePort file doesn't exist)\n  (The process started from chrome location /usr/bin/google-chrome is no longer running, so ChromeDriver is assuming that Chrome has crashed.)\nStacktrace:\n#0 0x55c69d7e04ca <unknown>\n#1 0x55c69d2f3620 <unknown>\n#2 0x55c69d32ace8 <unknown>\n#3 0x55c69d326846 <unknown>\n#4 0x55c69d372606 <unknown>\n#5 0x55c69d371c56 <unknown>\n#6 0x55c69d366113 <unknown>\n#7 0x55c69d334be0 <unknown>\n#8 0x55c69d335bbe <unknown>\n#9 0x55c69d7ace4b <unknown>\n#10 0x55c69d7b0de2 <unknown>\n#11 0x55c69d799d2c <unknown>\n#12 0x55c69d7b1957 <unknown>\n#13 0x55c69d77f4bf <unknown>\n#14 0x55c69d7cf348 <unknown>\n#15 0x55c69d7cf510 <unknown>\n#16 0x55c69d7df346 <unknown>\n#17 0x7f6ca2894ac3 <unknown>","statusTrace":"self = <teglalap_test.TestTC object at 0x7fd7a1033100>\n\n    def setup_method(self):\n        options = Options()\n        options.add_argument('--disable-search-engine-choice-screen')\n        options.add_experimental_option(\"detach\", True)\n>       self.browser = webdriver.Chrome(options=options)\n\nteglalap_test.py:16: \n_ _ _ _ _ _ _ _ _ _ _ _ _ _ _ _ _ _ _ _ _ _ _ _ _ _ _ _ _ _ _ _ _ _ _ _ _ _ _ _ \n/opt/hostedtoolcache/Python/3.10.15/x64/lib/python3.10/site-packages/selenium/webdriver/chrome/webdriver.py:45: in __init__\n    super().__init__(\n/opt/hostedtoolcache/Python/3.10.15/x64/lib/python3.10/site-packages/selenium/webdriver/chromium/webdriver.py:66: in __init__\n    super().__init__(command_executor=executor, options=options)\n/opt/hostedtoolcache/Python/3.10.15/x64/lib/python3.10/site-packages/selenium/webdriver/remote/webdriver.py:238: in __init__\n    self.start_session(capabilities)\n/opt/hostedtoolcache/Python/3.10.15/x64/lib/python3.10/site-packages/selenium/webdriver/remote/webdriver.py:325: in start_session\n    response = self.execute(Command.NEW_SESSION, caps)[\"value\"]\n/opt/hostedtoolcache/Python/3.10.15/x64/lib/python3.10/site-packages/selenium/webdriver/remote/webdriver.py:380: in execute\n    self.error_handler.check_response(response)\n_ _ _ _ _ _ _ _ _ _ _ _ _ _ _ _ _ _ _ _ _ _ _ _ _ _ _ _ _ _ _ _ _ _ _ _ _ _ _ _ \n\nself = <selenium.webdriver.remote.errorhandler.ErrorHandler object at 0x7fd7a0c85d80>\nresponse = {'status': 500, 'value': '{\"value\":{\"error\":\"session not created\",\"message\":\"session not created: Chrome failed to sta...\\\\n#15 0x55c69d7cf510 \\\\u003Cunknown>\\\\n#16 0x55c69d7df346 \\\\u003Cunknown>\\\\n#17 0x7f6ca2894ac3 \\\\u003Cunknown>\\\\n\"}}'}\n\n    def check_response(self, response: Dict[str, Any]) -> None:\n        \"\"\"Checks that a JSON response from the WebDriver does not have an\n        error.\n    \n        :Args:\n         - response - The JSON response from the WebDriver server as a dictionary\n           object.\n    \n        :Raises: If the response contains an error message.\n        \"\"\"\n        status = response.get(\"status\", None)\n        if not status or status == ErrorCode.SUCCESS:\n            return\n        value = None\n        message = response.get(\"message\", \"\")\n        screen: str = response.get(\"screen\", \"\")\n        stacktrace = None\n        if isinstance(status, int):\n            value_json = response.get(\"value\", None)\n            if value_json and isinstance(value_json, str):\n                import json\n    \n                try:\n                    value = json.loads(value_json)\n                    if len(value) == 1:\n                        value = value[\"value\"]\n                    status = value.get(\"error\", None)\n                    if not status:\n                        status = value.get(\"status\", ErrorCode.UNKNOWN_ERROR)\n                        message = value.get(\"value\") or value.get(\"message\")\n                        if not isinstance(message, str):\n                            value = message\n                            message = message.get(\"message\")\n                    else:\n                        message = value.get(\"message\", None)\n                except ValueError:\n                    pass\n    \n        exception_class: Type[WebDriverException]\n        e = ErrorCode()\n        error_codes = [item for item in dir(e) if not item.startswith(\"__\")]\n        for error_code in error_codes:\n            error_info = getattr(ErrorCode, error_code)\n            if isinstance(error_info, list) and status in error_info:\n                exception_class = getattr(ExceptionMapping, error_code, WebDriverException)\n                break\n        else:\n            exception_class = WebDriverException\n    \n        if not value:\n            value = response[\"value\"]\n        if isinstance(value, str):\n            raise exception_class(value)\n        if message == \"\" and \"message\" in value:\n            message = value[\"message\"]\n    \n        screen = None  # type: ignore[assignment]\n        if \"screen\" in value:\n            screen = value[\"screen\"]\n    \n        stacktrace = None\n        st_value = value.get(\"stackTrace\") or value.get(\"stacktrace\")\n        if st_value:\n            if isinstance(st_value, str):\n                stacktrace = st_value.split(\"\\n\")\n            else:\n                stacktrace = []\n                try:\n                    for frame in st_value:\n                        line = frame.get(\"lineNumber\", \"\")\n                        file = frame.get(\"fileName\", \"<anonymous>\")\n                        if line:\n                            file = f\"{file}:{line}\"\n                        meth = frame.get(\"methodName\", \"<anonymous>\")\n                        if \"className\" in frame:\n                            meth = f\"{frame['className']}.{meth}\"\n                        msg = \"    at %s (%s)\"\n                        msg = msg % (meth, file)\n                        stacktrace.append(msg)\n                except TypeError:\n                    pass\n        if exception_class == UnexpectedAlertPresentException:\n            alert_text = None\n            if \"data\" in value:\n                alert_text = value[\"data\"].get(\"text\")\n            elif \"alert\" in value:\n                alert_text = value[\"alert\"].get(\"text\")\n            raise exception_class(message, screen, stacktrace, alert_text)  # type: ignore[call-arg]  # mypy is not smart enough here\n>       raise exception_class(message, screen, stacktrace)\nE       selenium.common.exceptions.SessionNotCreatedException: Message: session not created: Chrome failed to start: exited normally.\nE         (session not created: DevToolsActivePort file doesn't exist)\nE         (The process started from chrome location /usr/bin/google-chrome is no longer running, so ChromeDriver is assuming that Chrome has crashed.)\nE       Stacktrace:\nE       #0 0x55c69d7e04ca <unknown>\nE       #1 0x55c69d2f3620 <unknown>\nE       #2 0x55c69d32ace8 <unknown>\nE       #3 0x55c69d326846 <unknown>\nE       #4 0x55c69d372606 <unknown>\nE       #5 0x55c69d371c56 <unknown>\nE       #6 0x55c69d366113 <unknown>\nE       #7 0x55c69d334be0 <unknown>\nE       #8 0x55c69d335bbe <unknown>\nE       #9 0x55c69d7ace4b <unknown>\nE       #10 0x55c69d7b0de2 <unknown>\nE       #11 0x55c69d799d2c <unknown>\nE       #12 0x55c69d7b1957 <unknown>\nE       #13 0x55c69d77f4bf <unknown>\nE       #14 0x55c69d7cf348 <unknown>\nE       #15 0x55c69d7cf510 <unknown>\nE       #16 0x55c69d7df346 <unknown>\nE       #17 0x7f6ca2894ac3 <unknown>\n\n/opt/hostedtoolcache/Python/3.10.15/x64/lib/python3.10/site-packages/selenium/webdriver/remote/errorhandler.py:229: SessionNotCreatedException","flaky":false,"newFailed":false,"newBroken":false,"newPassed":false,"retriesCount":0,"retriesStatusChange":false,"beforeStages":[{"name":"_xunit_setup_method_fixture_TestTC","time":{"start":1732538004108,"stop":1732538004300,"duration":192},"status":"broken","statusMessage":"selenium.common.exceptions.SessionNotCreatedException: Message: session not created: Chrome failed to start: exited normally.\n  (session not created: DevToolsActivePort file doesn't exist)\n  (The process started from chrome location /usr/bin/google-chrome is no longer running, so ChromeDriver is assuming that Chrome has crashed.)\nStacktrace:\n#0 0x55c69d7e04ca <unknown>\n#1 0x55c69d2f3620 <unknown>\n#2 0x55c69d32ace8 <unknown>\n#3 0x55c69d326846 <unknown>\n#4 0x55c69d372606 <unknown>\n#5 0x55c69d371c56 <unknown>\n#6 0x55c69d366113 <unknown>\n#7 0x55c69d334be0 <unknown>\n#8 0x55c69d335bbe <unknown>\n#9 0x55c69d7ace4b <unknown>\n#10 0x55c69d7b0de2 <unknown>\n#11 0x55c69d799d2c <unknown>\n#12 0x55c69d7b1957 <unknown>\n#13 0x55c69d77f4bf <unknown>\n#14 0x55c69d7cf348 <unknown>\n#15 0x55c69d7cf510 <unknown>\n#16 0x55c69d7df346 <unknown>\n#17 0x7f6ca2894ac3 <unknown>\n\n","statusTrace":"  File \"/opt/hostedtoolcache/Python/3.10.15/x64/lib/python3.10/site-packages/pluggy/_callers.py\", line 167, in _multicall\n    teardown.throw(outcome._exception)\n  File \"/opt/hostedtoolcache/Python/3.10.15/x64/lib/python3.10/site-packages/_pytest/setuponly.py\", line 36, in pytest_fixture_setup\n    return (yield)\n  File \"/opt/hostedtoolcache/Python/3.10.15/x64/lib/python3.10/site-packages/pluggy/_callers.py\", line 103, in _multicall\n    res = hook_impl.function(*args)\n  File \"/opt/hostedtoolcache/Python/3.10.15/x64/lib/python3.10/site-packages/_pytest/fixtures.py\", line 1140, in pytest_fixture_setup\n    result = call_fixture_func(fixturefunc, request, kwargs)\n  File \"/opt/hostedtoolcache/Python/3.10.15/x64/lib/python3.10/site-packages/_pytest/fixtures.py\", line 891, in call_fixture_func\n    fixture_result = next(generator)\n  File \"/opt/hostedtoolcache/Python/3.10.15/x64/lib/python3.10/site-packages/_pytest/python.py\", line 821, in xunit_setup_method_fixture\n    _call_with_optional_argument(func, method)\n  File \"/opt/hostedtoolcache/Python/3.10.15/x64/lib/python3.10/site-packages/_pytest/python.py\", line 717, in _call_with_optional_argument\n    func()\n  File \"/home/runner/work/hazi_feladat_7/hazi_feladat_7/teglalap_test.py\", line 16, in setup_method\n    self.browser = webdriver.Chrome(options=options)\n  File \"/opt/hostedtoolcache/Python/3.10.15/x64/lib/python3.10/site-packages/selenium/webdriver/chrome/webdriver.py\", line 45, in __init__\n    super().__init__(\n  File \"/opt/hostedtoolcache/Python/3.10.15/x64/lib/python3.10/site-packages/selenium/webdriver/chromium/webdriver.py\", line 66, in __init__\n    super().__init__(command_executor=executor, options=options)\n  File \"/opt/hostedtoolcache/Python/3.10.15/x64/lib/python3.10/site-packages/selenium/webdriver/remote/webdriver.py\", line 238, in __init__\n    self.start_session(capabilities)\n  File \"/opt/hostedtoolcache/Python/3.10.15/x64/lib/python3.10/site-packages/selenium/webdriver/remote/webdriver.py\", line 325, in start_session\n    response = self.execute(Command.NEW_SESSION, caps)[\"value\"]\n  File \"/opt/hostedtoolcache/Python/3.10.15/x64/lib/python3.10/site-packages/selenium/webdriver/remote/webdriver.py\", line 380, in execute\n    self.error_handler.check_response(response)\n  File \"/opt/hostedtoolcache/Python/3.10.15/x64/lib/python3.10/site-packages/selenium/webdriver/remote/errorhandler.py\", line 229, in check_response\n    raise exception_class(message, screen, stacktrace)\n","steps":[],"attachments":[],"parameters":[],"shouldDisplayMessage":true,"stepsCount":0,"attachmentsCount":0,"hasContent":true,"attachmentStep":false}],"afterStages":[],"labels":[{"name":"suite","value":"teglalap_test"},{"name":"subSuite","value":"TestTC"},{"name":"host","value":"fv-az1433-27"},{"name":"thread","value":"2364-MainThread"},{"name":"framework","value":"pytest"},{"name":"language","value":"cpython3"},{"name":"package","value":"teglalap_test"},{"name":"resultFormat","value":"allure2"}],"parameters":[],"links":[],"hidden":false,"retry":false,"extra":{"severity":"normal","retries":[],"categories":[{"name":"Test defects","matchedStatuses":[],"flaky":false}],"tags":[]},"source":"409fa049c8a99bcb.json","parameterValues":[]}